build/app/outputs/mapping/release/seeds.txt
com.lennar.app.lennar.MainActivity
com.lennar.app.lennar.MainActivity: MainActivity()
...
com.google.crypto.tink.proto.Keyset: com.google.crypto.tink.shaded.protobuf.Parser PARSER
com.google.crypto.tink.proto.HmacKey: com.google.crypto.tink.shaded.protobuf.ByteString keyValue_
com.google.crypto.tink.proto.KeysetInfo: int primaryKeyId_
com.google.crypto.tink.proto.XChaCha20Poly1305Key: com.google.crypto.tink.shaded.protobuf.ByteString keyValue_
androidx.window.layout.FoldingFeature$Orientation: androidx.window.layout.FoldingFeature$Orientation VERTICAL
kotlinx.coroutines.internal.DispatchedContinuation: java.lang.Object _reusableCancellableContinuation
com.google.crypto.tink.proto.HmacParams: com.google.crypto.tink.shaded.protobuf.Parser PARSER
androidx.window.R$styleable: int[] SplitPlaceholderRule
com.google.crypto.tink.proto.KmsEnvelopeAeadKeyFormat: com.google.crypto.tink.proto.KeyTemplate dekTemplate_
com.google.crypto.tink.proto.AesCmacKey: com.google.crypto.tink.shaded.protobuf.ByteString keyValue_
com.google.crypto.tink.proto.AesSivKey: com.google.crypto.tink.shaded.protobuf.ByteString keyValue_
androidx.window.R$id: int locale
androidx.window.layout.WindowInfoTracker$Companion: boolean DEBUG
androidx.window.layout.WindowInfoTracker$Companion: androidx.window.layout.WindowInfoTrackerDecorator decorator
com.google.crypto.tink.proto.AesCmacParams: com.google.crypto.tink.shaded.protobuf.Parser PARSER
androidx.window.embedding.SplitPairRule: boolean clearTop
com.google.crypto.tink.proto.AesCtrHmacAeadKey: com.google.crypto.tink.proto.AesCtrKey aesCtrKey_
com.google.crypto.tink.proto.AesGcmSivKey: com.google.crypto.tink.shaded.protobuf.ByteString keyValue_
androidx.window.core.Version: java.lang.String VERSION_PATTERN_STRING
com.google.crypto.tink.shaded.protobuf.GeneratedMessageLite: int UNINITIALIZED_HASH_CODE
kotlinx.coroutines.InvokeOnCancelling: int _invoked
androidx.window.layout.WindowInfoTrackerImpl$windowLayoutInfo$1: android.app.Activity $activity
com.google.crypto.tink.proto.AesEaxKey: com.google.crypto.tink.proto.AesEaxKey DEFAULT_INSTANCE
com.google.crypto.tink.proto.AesCtrKeyFormat: com.google.crypto.tink.shaded.protobuf.Parser PARSER
androidx.window.layout.HardwareFoldingFeature$Type: androidx.window.layout.HardwareFoldingFeature$Type HINGE
com.google.crypto.tink.proto.AesCtrKey: int VERSION_FIELD_NUMBER
androidx.window.R$attr: int finishPrimaryWithSecondary
com.google.crypto.tink.proto.AesCtrParams: com.google.crypto.tink.shaded.protobuf.Parser PARSER
androidx.window.layout.ExtensionWindowLayoutInfoBackend: androidx.window.extensions.layout.WindowLayoutComponent component
androidx.window.embedding.SplitRule$Api30Impl: androidx.window.embedding.SplitRule$Api30Impl INSTANCE
io.flutter.embedding.engine.FlutterJNI: java.lang.String TAG
com.google.crypto.tink.proto.KmsAeadKeyFormat: com.google.crypto.tink.proto.KmsAeadKeyFormat DEFAULT_INSTANCE
io.flutter.embedding.engine.FlutterJNI: float displayDensity
androidx.window.layout.SidecarWindowBackend: androidx.window.layout.SidecarWindowBackend globalInstance
kotlinx.coroutines.DefaultExecutor: int debugStatus
com.google.crypto.tink.proto.AesSivKeyFormat: com.google.crypto.tink.shaded.protobuf.Parser PARSER
com.google.crypto.tink.proto.AesCtrKey: com.google.crypto.tink.proto.AesCtrParams params_
kotlinx.coroutines.JobSupport$Finishing: java.lang.Object _exceptionsHolder
androidx.window.layout.FoldingFeature$OcclusionType: androidx.window.layout.FoldingFeature$OcclusionType FULL
io.flutter.embedding.engine.FlutterJNI: io.flutter.embedding.engine.dart.PlatformMessageHandler platformMessageHandler
com.google.crypto.tink.proto.ChaCha20Poly1305KeyFormat: com.google.crypto.tink.shaded.protobuf.Parser PARSER
com.google.crypto.tink.proto.AesCtrKey: com.google.crypto.tink.shaded.protobuf.Parser PARSER
com.google.crypto.tink.proto.RegistryConfig: com.google.crypto.tink.shaded.protobuf.Internal$ProtobufList entry_
com.google.crypto.tink.proto.HmacKey: int KEY_VALUE_FIELD_NUMBER
com.google.crypto.tink.proto.HmacParams: int hash_