build/app/outputs/mapping/release/mapping.txt
# compiler: R8
# compiler_version: 3.3.70
# min_api: 19
# common_typos_disable
# {"id":"com.android.tools.r8.mapping","version":"2.0"}
# pg_map_id: 96204ce
# pg_map_hash: SHA-256 96204cefb4dffd65a3826d7c15db4d61c282365ff65144e0b8c36673140dfe80
...
android.view.WindowInsets$Builder -> android.view.WindowInsets$Builder:
# {"id":"com.android.tools.r8.synthesized"}
    void <clinit>() -> <clinit>
      # {"id":"com.android.tools.r8.synthesized"}
    void <init>() -> <init>
      # {"id":"com.android.tools.r8.synthesized"}
    void <init>(android.view.WindowInsets) -> <init>
      # {"id":"com.android.tools.r8.synthesized"}
    android.view.WindowInsets build() -> build
      # {"id":"com.android.tools.r8.synthesized"}
    android.view.WindowInsets$Builder setMandatorySystemGestureInsets(android.graphics.Insets) -> setMandatorySystemGestureInsets
      # {"id":"com.android.tools.r8.synthesized"}
    android.view.WindowInsets$Builder setStableInsets(android.graphics.Insets) -> setStableInsets
      # {"id":"com.android.tools.r8.synthesized"}
    android.view.WindowInsets$Builder setSystemGestureInsets(android.graphics.Insets) -> setSystemGestureInsets
      # {"id":"com.android.tools.r8.synthesized"}
    android.view.WindowInsets$Builder setSystemWindowInsets(android.graphics.Insets) -> setSystemWindowInsets
      # {"id":"com.android.tools.r8.synthesized"}
    android.view.WindowInsets$Builder setTappableElementInsets(android.graphics.Insets) -> setTappableElementInsets
      # {"id":"com.android.tools.r8.synthesized"}
android.view.WindowInsets$Type -> android.view.WindowInsets$Type:
# {"id":"com.android.tools.r8.synthesized"}
    void <clinit>() -> <clinit>
      # {"id":"com.android.tools.r8.synthesized"}
    int captionBar() -> captionBar
      # {"id":"com.android.tools.r8.synthesized"}
    int displayCutout() -> displayCutout
      # {"id":"com.android.tools.r8.synthesized"}
    int ime() -> ime
      # {"id":"com.android.tools.r8.synthesized"}
    int mandatorySystemGestures() -> mandatorySystemGestures
      # {"id":"com.android.tools.r8.synthesized"}
    int navigationBars() -> navigationBars
      # {"id":"com.android.tools.r8.synthesized"}
    int statusBars() -> statusBars
      # {"id":"com.android.tools.r8.synthesized"}
    int systemGestures() -> systemGestures
      # {"id":"com.android.tools.r8.synthesized"}
    int tappableElement() -> tappableElement
      # {"id":"com.android.tools.r8.synthesized"}
android.view.WindowInsetsAnimation -> android.view.WindowInsetsAnimation:
# {"id":"com.android.tools.r8.synthesized"}
    void <clinit>() -> <clinit>
      # {"id":"com.android.tools.r8.synthesized"}
    int getTypeMask() -> getTypeMask
      # {"id":"com.android.tools.r8.synthesized"}
android.view.WindowInsetsAnimation$Callback -> android.view.WindowInsetsAnimation$Callback:
# {"id":"com.android.tools.r8.synthesized"}
    void <clinit>() -> <clinit>
      # {"id":"com.android.tools.r8.synthesized"}
    void <init>(int) -> <init>
      # {"id":"com.android.tools.r8.synthesized"}
    android.view.WindowInsetsAnimation$Bounds onStart(android.view.WindowInsetsAnimation,android.view.WindowInsetsAnimation$Bounds) -> onStart
      # {"id":"com.android.tools.r8.synthesized"}
android.view.WindowInsetsController -> android.view.WindowInsetsController:
# {"id":"com.android.tools.r8.synthesized"}
    void <clinit>() -> <clinit>
      # {"id":"com.android.tools.r8.synthesized"}
    void setSystemBarsAppearance(int,int) -> setSystemBarsAppearance
      # {"id":"com.android.tools.r8.synthesized"}
android.view.WindowMetrics -> android.view.WindowMetrics:
# {"id":"com.android.tools.r8.synthesized"}
    void <clinit>() -> <clinit>
      # {"id":"com.android.tools.r8.synthesized"}
    android.graphics.Rect getBounds() -> getBounds
      # {"id":"com.android.tools.r8.synthesized"}
android.view.accessibility.AccessibilityNodeInfo$AccessibilityAction -> android.view.accessibility.AccessibilityNodeInfo$AccessibilityAction:
# {"id":"com.android.tools.r8.synthesized"}
    void <clinit>() -> <clinit>
      # {"id":"com.android.tools.r8.synthesized"}
    void <init>(int,java.lang.CharSequence) -> <init>
      # {"id":"com.android.tools.r8.synthesized"}