build/app/outputs/mapping/release/usage.txt
com.lennar.app.lennar.BuildConfig
com.lennar.app.lennar.R$attr
com.lennar.app.lennar.R$color
com.lennar.app.lennar.R$dimen
com.lennar.app.lennar.R$drawable
com.lennar.app.lennar.R$id
com.lennar.app.lennar.R$integer
com.lennar.app.lennar.R$layout
com.lennar.app.lennar.R$mipmap
com.lennar.app.lennar.R$string
com.lennar.app.lennar.R$style
com.lennar.app.lennar.R$styleable
com.lennar.app.lennar.R$xml
com.lennar.app.lennar.R
...
androidx.browser.browseractions.BrowserActionsIntent$BrowserActionsItemId
androidx.browser.browseractions.BrowserActionsIntent$BrowserActionsUrlType
androidx.browser.browseractions.BrowserActionsIntent$Builder
androidx.browser.browseractions.BrowserActionsIntent
androidx.browser.browseractions.BrowserServiceFileProvider$1
androidx.browser.browseractions.BrowserServiceFileProvider$FileCleanupTask
androidx.browser.browseractions.BrowserServiceFileProvider$FileSaveTask
androidx.browser.browseractions.BrowserServiceFileProvider
androidx.browser.customtabs.CustomTabColorSchemeParams:
    static androidx.browser.customtabs.CustomTabColorSchemeParams fromBundle(android.os.Bundle)
    androidx.browser.customtabs.CustomTabColorSchemeParams withDefaults(androidx.browser.customtabs.CustomTabColorSchemeParams)
androidx.browser.customtabs.CustomTabsCallback
androidx.browser.customtabs.CustomTabsClient$2$1
androidx.browser.customtabs.CustomTabsClient$2$2
androidx.browser.customtabs.CustomTabsClient$2$3
androidx.browser.customtabs.CustomTabsClient$2$4
androidx.browser.customtabs.CustomTabsClient$2$5
androidx.browser.customtabs.CustomTabsClient$2
androidx.browser.customtabs.CustomTabsClient:
    private static final java.lang.String TAG
    public androidx.browser.customtabs.CustomTabsSession attachSession(androidx.browser.customtabs.CustomTabsSession$PendingSession)
    public static boolean bindCustomTabsServicePreservePriority(android.content.Context,java.lang.String,androidx.browser.customtabs.CustomTabsServiceConnection)
    private android.support.customtabs.ICustomTabsCallback$Stub createCallbackWrapper(androidx.browser.customtabs.CustomTabsCallback)
    private static android.app.PendingIntent createSessionId(android.content.Context,int)
    public android.os.Bundle extraCommand(java.lang.String,android.os.Bundle)
    public static androidx.browser.customtabs.CustomTabsSession$PendingSession newPendingSession(android.content.Context,androidx.browser.customtabs.CustomTabsCallback,int)
    public androidx.browser.customtabs.CustomTabsSession newSession(androidx.browser.customtabs.CustomTabsCallback)
    public androidx.browser.customtabs.CustomTabsSession newSession(androidx.browser.customtabs.CustomTabsCallback,int)
    private androidx.browser.customtabs.CustomTabsSession newSessionInternal(androidx.browser.customtabs.CustomTabsCallback,android.app.PendingIntent)
androidx.browser.customtabs.CustomTabsIntent$Builder:
    public void <init>(androidx.browser.customtabs.CustomTabsSession)
    public androidx.browser.customtabs.CustomTabsIntent$Builder addDefaultShareMenuItem()
    public androidx.browser.customtabs.CustomTabsIntent$Builder addMenuItem(java.lang.String,android.app.PendingIntent)
    public androidx.browser.customtabs.CustomTabsIntent$Builder addToolbarItem(int,android.graphics.Bitmap,java.lang.String,android.app.PendingIntent)
    public androidx.browser.customtabs.CustomTabsIntent$Builder enableUrlBarHiding()
    public androidx.browser.customtabs.CustomTabsIntent$Builder setActionButton(android.graphics.Bitmap,java.lang.String,android.app.PendingIntent)
    public androidx.browser.customtabs.CustomTabsIntent$Builder setActionButton(android.graphics.Bitmap,java.lang.String,android.app.PendingIntent,boolean)
    public androidx.browser.customtabs.CustomTabsIntent$Builder setCloseButtonIcon(android.graphics.Bitmap)
    public androidx.browser.customtabs.CustomTabsIntent$Builder setDefaultShareMenuItemEnabled(boolean)
    public androidx.browser.customtabs.CustomTabsIntent$Builder setExitAnimations(android.content.Context,int,int)
    public androidx.browser.customtabs.CustomTabsIntent$Builder setNavigationBarColor(int)
    public androidx.browser.customtabs.CustomTabsIntent$Builder setNavigationBarDividerColor(int)
androidx.browser.customtabs.CustomTabsIntent$ColorScheme
androidx.browser.customtabs.CustomTabsIntent$ShareState